Build started 2011-11-17 15:21:53.
     1>Project "D:\WinParkUI\WinHtpp\VC6Crypt\CryptoAPI.vcxproj" on node 2 (build target(s)).
     1>InitializeBuildStatus:
         Touching ".\Debug\CryptoAPI.unsuccessfulbuild".
       Midl:
         C:\Program Files\Microsoft SDKs\Windows\v7.0A\bin\midl.exe /W1 /nologo /char signed /env win32 /Oicf /h "CryptoAPI.h" /iid "CryptoAPI_i.c" /tlb ".\CryptoAPI.tlb" CryptoAPI.idl 
         CryptoAPI.idl
         Processing .\CryptoAPI.idl
         oaidl.idl
         Processing C:\Program Files\Microsoft SDKs\Windows\v7.0A\include\oaidl.idl
         objidl.idl
         Processing C:\Program Files\Microsoft SDKs\Windows\v7.0A\include\objidl.idl
         Processing C:\Program Files\Microsoft SDKs\Windows\v7.0A\include\unknwn.idl
         unknwn.idl
         Processing C:\Program Files\Microsoft SDKs\Windows\v7.0A\include\wtypes.idl
         wtypes.idl
         Processing C:\Program Files\Microsoft SDKs\Windows\v7.0A\include\basetsd.h
         basetsd.h
         Processing C:\Program Files\Microsoft SDKs\Windows\v7.0A\include\guiddef.h
         guiddef.h
         Processing C:\Program Files\Microsoft SDKs\Windows\v7.0A\include\ocidl.idl
         ocidl.idl
         Processing C:\Program Files\Microsoft SDKs\Windows\v7.0A\include\oleidl.idl
         oleidl.idl
         Processing C:\Program Files\Microsoft SDKs\Windows\v7.0A\include\servprov.idl
         servprov.idl
         Processing C:\Program Files\Microsoft SDKs\Windows\v7.0A\include\urlmon.idl
         urlmon.idl
         Processing C:\Program Files\Microsoft SDKs\Windows\v7.0A\include\msxml.idl
         msxml.idl
         Processing C:\Program Files\Microsoft SDKs\Windows\v7.0A\include\oaidl.acf
         oaidl.acf
         Processing C:\Program Files\Microsoft SDKs\Windows\v7.0A\include\ocidl.acf
         ocidl.acf
       ClCompile:
         F:\Program Files\Microsoft Visual Studio 10.0\VC\bin\CL.exe /c /ZI /nologo /W3 /WX- /Od /Oy- /D _WIN32_WINNT=_WIN32_WINNT_WINXP /D WIN32 /D _DEBUG /D _WINDOWS /D _USRDLL /D _VC80_UPGRADE=0x0600 /D _WINDLL /D _MBCS /Gm /EHsc /RTC1 /MTd /GS /Gy- /fp:precise /Zc:wchar_t /Zc:forScope /Yc"stdafx.h" /Fp".\Debug\CryptoAPI.pch" /Fo".\Debug\\" /Fd".\Debug\vc100.pdb" /FR".\Debug\\" /Gd /TP /analyze- /errorReport:prompt StdAfx.cpp
         StdAfx.cpp
         statreg.cpp is obsolete. Please remove it from your project.
         atlimpl.cpp is obsolete. Please remove it from your project.
         F:\Program Files\Microsoft Visual Studio 10.0\VC\bin\CL.exe /c /ZI /nologo /W3 /WX- /Od /Oy- /D _WIN32_WINNT=_WIN32_WINNT_WINXP /D WIN32 /D _DEBUG /D _WINDOWS /D _USRDLL /D _VC80_UPGRADE=0x0600 /D _WINDLL /D _MBCS /Gm /EHsc /RTC1 /MTd /GS /Gy- /fp:precise /Zc:wchar_t /Zc:forScope /Yu"stdafx.h" /Fp".\Debug\CryptoAPI.pch" /Fo".\Debug\\" /Fd".\Debug\vc100.pdb" /FR".\Debug\\" /Gd /TP /analyze- /errorReport:prompt Base64Helper.cpp Crypto.cpp CryptoAPI.cpp
         CryptoAPI.cpp
         Crypto.cpp
     1>d:\winparkui\winhtpp\vc6crypt\crypto.cpp(287): warning C4996: 'fopen': This function or variable may be unsafe. Consider using fopen_s instead. To disable deprecation, use _CRT_SECURE_NO_WARNINGS. See online help for details.
                 f:\program files\microsoft visual studio 10.0\vc\include\stdio.h(234) : see declaration of 'fopen'
     1>d:\winparkui\winhtpp\vc6crypt\crypto.cpp(293): warning C4996: 'fopen': This function or variable may be unsafe. Consider using fopen_s instead. To disable deprecation, use _CRT_SECURE_NO_WARNINGS. See online help for details.
                 f:\program files\microsoft visual studio 10.0\vc\include\stdio.h(234) : see declaration of 'fopen'
     1>d:\winparkui\winhtpp\vc6crypt\crypto.cpp(423): warning C4996: 'fopen': This function or variable may be unsafe. Consider using fopen_s instead. To disable deprecation, use _CRT_SECURE_NO_WARNINGS. See online help for details.
                 f:\program files\microsoft visual studio 10.0\vc\include\stdio.h(234) : see declaration of 'fopen'
     1>d:\winparkui\winhtpp\vc6crypt\crypto.cpp(429): warning C4996: 'fopen': This function or variable may be unsafe. Consider using fopen_s instead. To disable deprecation, use _CRT_SECURE_NO_WARNINGS. See online help for details.
                 f:\program files\microsoft visual studio 10.0\vc\include\stdio.h(234) : see declaration of 'fopen'
     1>d:\winparkui\winhtpp\vc6crypt\crypto.cpp(587): warning C4996: 'strcpy': This function or variable may be unsafe. Consider using strcpy_s instead. To disable deprecation, use _CRT_SECURE_NO_WARNINGS. See online help for details.
                 f:\program files\microsoft visual studio 10.0\vc\include\string.h(105) : see declaration of 'strcpy'
     1>d:\winparkui\winhtpp\vc6crypt\crypto.cpp(706): warning C4996: 'strcpy': This function or variable may be unsafe. Consider using strcpy_s instead. To disable deprecation, use _CRT_SECURE_NO_WARNINGS. See online help for details.
                 f:\program files\microsoft visual studio 10.0\vc\include\string.h(105) : see declaration of 'strcpy'
     1>d:\winparkui\winhtpp\vc6crypt\crypto.cpp(843): warning C4996: 'fopen': This function or variable may be unsafe. Consider using fopen_s instead. To disable deprecation, use _CRT_SECURE_NO_WARNINGS. See online help for details.
                 f:\program files\microsoft visual studio 10.0\vc\include\stdio.h(234) : see declaration of 'fopen'
     1>d:\winparkui\winhtpp\vc6crypt\crypto.cpp(919): warning C4996: 'strcpy': This function or variable may be unsafe. Consider using strcpy_s instead. To disable deprecation, use _CRT_SECURE_NO_WARNINGS. See online help for details.
                 f:\program files\microsoft visual studio 10.0\vc\include\string.h(105) : see declaration of 'strcpy'
     1>d:\winparkui\winhtpp\vc6crypt\crypto.cpp(923): warning C4996: 'fopen': This function or variable may be unsafe. Consider using fopen_s instead. To disable deprecation, use _CRT_SECURE_NO_WARNINGS. See online help for details.
                 f:\program files\microsoft visual studio 10.0\vc\include\stdio.h(234) : see declaration of 'fopen'
     1>d:\winparkui\winhtpp\vc6crypt\crypto.cpp(1289): warning C4996: 'fopen': This function or variable may be unsafe. Consider using fopen_s instead. To disable deprecation, use _CRT_SECURE_NO_WARNINGS. See online help for details.
                 f:\program files\microsoft visual studio 10.0\vc\include\stdio.h(234) : see declaration of 'fopen'
     1>d:\winparkui\winhtpp\vc6crypt\crypto.cpp(1295): warning C4996: 'fopen': This function or variable may be unsafe. Consider using fopen_s instead. To disable deprecation, use _CRT_SECURE_NO_WARNINGS. See online help for details.
                 f:\program files\microsoft visual studio 10.0\vc\include\stdio.h(234) : see declaration of 'fopen'
         Base64Helper.cpp
         Generating Code...
       ResourceCompile:
         C:\Program Files\Microsoft SDKs\Windows\v7.0A\bin\rc.exe /D _DEBUG /D _VC80_UPGRADE=0x0600 /l"0x0409" /I.\Debug\ /nologo /fo".\Debug\CryptoAPI.res" CryptoAPI.rc 
       ManifestResourceCompile:
         C:\Program Files\Microsoft SDKs\Windows\v7.0A\bin\rc.exe /nologo /fo".\Debug\CryptoAPI.dll.embed.manifest.res" .\Debug\CryptoAPI_manifest.rc 
       Link:
         F:\Program Files\Microsoft Visual Studio 10.0\VC\bin\link.exe /ERRORREPORT:PROMPT /OUT:".\Debug\CryptoAPI.dll" /INCREMENTAL /NOLOGO odbc32.lib odbccp32.lib kernel32.lib user32.lib gdi32.lib winspool.lib comdlg32.lib advapi32.lib shell32.lib ole32.lib oleaut32.lib uuid.lib odbc32.lib odbccp32.lib /DEF:".\CryptoAPI.def" /MANIFEST /ManifestFile:".\Debug\CryptoAPI.dll.intermediate.manifest" /MANIFESTUAC:"level='asInvoker' uiAccess='false'" /DEBUG /PDB:"D:\WinParkUI\WinHtpp\VC6Crypt\Debug\CryptoAPI.pdb" /SUBSYSTEM:WINDOWS /TLBID:1 /DYNAMICBASE /NXCOMPAT /IMPLIB:".\Debug\CryptoAPI.lib" /MACHINE:X86 /DLL .\Debug\CryptoAPI.res
         .\Debug\CryptoAPI.dll.embed.manifest.res
         .\Debug\Base64Helper.obj
         .\Debug\Crypto.obj
         .\Debug\CryptoAPI.obj
         .\Debug\StdAfx.obj
     1>.\CryptoAPI.def : warning LNK4222: exported symbol 'DllCanUnloadNow' should not be assigned an ordinal
     1>.\CryptoAPI.def : warning LNK4222: exported symbol 'DllGetClassObject' should not be assigned an ordinal
     1>.\CryptoAPI.def : warning LNK4222: exported symbol 'DllRegisterServer' should not be assigned an ordinal
     1>.\CryptoAPI.def : warning LNK4222: exported symbol 'DllUnregisterServer' should not be assigned an ordinal
            Creating library .\Debug\CryptoAPI.lib and object .\Debug\CryptoAPI.exp
       Manifest:
         C:\Program Files\Microsoft SDKs\Windows\v7.0A\bin\mt.exe /nologo /verbose /out:".\Debug\CryptoAPI.dll.embed.manifest" /manifest .\Debug\CryptoAPI.dll.intermediate.manifest
         All outputs are up-to-date.
       LinkEmbedManifest:
         All outputs are up-to-date.
         CryptoAPI.vcxproj -> D:\WinParkUI\WinHtpp\VC6Crypt\.\Debug\CryptoAPI.dll
       BscMake:
         F:\Program Files\Microsoft Visual Studio 10.0\VC\bin\bscmake.exe /nologo /o".\Debug\CryptoAPI.bsc" .\Debug\Base64Helper.sbr .\Debug\Crypto.sbr .\Debug\CryptoAPI.sbr .\Debug\StdAfx.sbr
       CustomBuildStep:
         Description: Performing registration
         regsvr32 /s /c "D:\WinParkUI\WinHtpp\VC6Crypt\.\Debug\CryptoAPI.dll" 
         echo regsvr32 exec. time > ".\Debug\regsvr32.trg" 
         :VCEnd
     1>C:\Program Files\MSBuild\Microsoft.Cpp\v4.0\Microsoft.CppCommon.targets(183,5): error MSB3073: The command "regsvr32 /s /c "D:\WinParkUI\WinHtpp\VC6Crypt\.\Debug\CryptoAPI.dll" 
C:\Program Files\MSBuild\Microsoft.Cpp\v4.0\Microsoft.CppCommon.targets(183,5): error MSB3073: echo regsvr32 exec. time > ".\Debug\regsvr32.trg" 
C:\Program Files\MSBuild\Microsoft.Cpp\v4.0\Microsoft.CppCommon.targets(183,5): error MSB3073: :VCEnd" exited with code 3.
     1>Done Building Project "D:\WinParkUI\WinHtpp\VC6Crypt\CryptoAPI.vcxproj" (build target(s)) -- FAILED.

Build FAILED.

Time Elapsed 00:00:07.01
