.\Debug\CryptoAPI.bsc
.\Debug\CryptoAPI.ilk
.\Debug\CryptoAPI.pdb
D:\WinParkUI\WinHtpp\VC6Crypt\.\Debug\CryptoAPI.dll
D:\WinParkUI\WinHtpp\VC6Crypt\.\Debug\CryptoAPI.dll.intermediate.manifest
D:\WINPARKUI\WINHTPP\VC6CRYPT\CRYPTOAPI.H
D:\WINPARKUI\WINHTPP\VC6CRYPT\CRYPTOAPI.TLB
D:\WINPARKUI\WINHTPP\VC6CRYPT\CRYPTOAPI_I.C
D:\WINPARKUI\WINHTPP\VC6CRYPT\CRYPTOAPI_P.C
D:\WINPARKUI\WINHTPP\VC6CRYPT\DEBUG\BASE64HELPER.OBJ
D:\WINPARKUI\WINHTPP\VC6CRYPT\DEBUG\BASE64HELPER.SBR
D:\WinParkUI\WinHtpp\VC6Crypt\Debug\BscMake.command.1.tlog
D:\WinParkUI\WinHtpp\VC6Crypt\Debug\bscmake.read.1.tlog
D:\WinParkUI\WinHtpp\VC6Crypt\Debug\bscmake.write.1.tlog
D:\WinParkUI\WinHtpp\VC6Crypt\Debug\cl.command.1.tlog
D:\WinParkUI\WinHtpp\VC6Crypt\Debug\CL.read.1.tlog
D:\WinParkUI\WinHtpp\VC6Crypt\Debug\CL.write.1.tlog
D:\WINPARKUI\WINHTPP\VC6CRYPT\DEBUG\CRYPTO.OBJ
D:\WINPARKUI\WINHTPP\VC6CRYPT\DEBUG\CRYPTO.SBR
D:\WINPARKUI\WINHTPP\VC6CRYPT\DEBUG\CRYPTOAPI.BSC
D:\WINPARKUI\WINHTPP\VC6CRYPT\DEBUG\CRYPTOAPI.DLL
D:\WINPARKUI\WINHTPP\VC6CRYPT\DEBUG\CRYPTOAPI.DLL.EMBED.MANIFEST
D:\WINPARKUI\WINHTPP\VC6CRYPT\DEBUG\CRYPTOAPI.DLL.EMBED.MANIFEST.RES
D:\WINPARKUI\WINHTPP\VC6CRYPT\DEBUG\CRYPTOAPI.DLL.INTERMEDIATE.MANIFEST
D:\WinParkUI\WinHtpp\VC6Crypt\Debug\CryptoAPI.exp
D:\WINPARKUI\WINHTPP\VC6CRYPT\DEBUG\CRYPTOAPI.ILK
D:\WinParkUI\WinHtpp\VC6Crypt\Debug\CryptoAPI.lib
D:\WINPARKUI\WINHTPP\VC6CRYPT\DEBUG\CRYPTOAPI.OBJ
D:\WINPARKUI\WINHTPP\VC6CRYPT\DEBUG\CRYPTOAPI.PCH
D:\WINPARKUI\WINHTPP\VC6CRYPT\DEBUG\CRYPTOAPI.PDB
D:\WINPARKUI\WINHTPP\VC6CRYPT\DEBUG\CRYPTOAPI.RES
D:\WINPARKUI\WINHTPP\VC6CRYPT\DEBUG\CRYPTOAPI.SBR
D:\WinParkUI\WinHtpp\VC6Crypt\Debug\CryptoAPI.write.1.tlog
D:\WinParkUI\WinHtpp\VC6Crypt\Debug\CryptoAPI_manifest.rc
D:\WinParkUI\WinHtpp\VC6Crypt\Debug\link.command.1.tlog
D:\WinParkUI\WinHtpp\VC6Crypt\Debug\link.read.1.tlog
D:\WinParkUI\WinHtpp\VC6Crypt\Debug\link.write.1.tlog
D:\WinParkUI\WinHtpp\VC6Crypt\Debug\link-cvtres.read.1.tlog
D:\WinParkUI\WinHtpp\VC6Crypt\Debug\link-cvtres.write.1.tlog
D:\WinParkUI\WinHtpp\VC6Crypt\Debug\midl.command.1.tlog
D:\WinParkUI\WinHtpp\VC6Crypt\Debug\midl.read.1.tlog
D:\WinParkUI\WinHtpp\VC6Crypt\Debug\midl.write.1.tlog
D:\WinParkUI\WinHtpp\VC6Crypt\Debug\midl-midlc.read.1.tlog
D:\WinParkUI\WinHtpp\VC6Crypt\Debug\midl-midlc.write.1.tlog
D:\WinParkUI\WinHtpp\VC6Crypt\Debug\midl-midlc-cl.read.1.tlog
D:\WinParkUI\WinHtpp\VC6Crypt\Debug\mt.command.1.tlog
D:\WinParkUI\WinHtpp\VC6Crypt\Debug\mt.read.1.tlog
D:\WinParkUI\WinHtpp\VC6Crypt\Debug\mt.write.1.tlog
D:\WinParkUI\WinHtpp\VC6Crypt\Debug\rc.command.1.tlog
D:\WinParkUI\WinHtpp\VC6Crypt\Debug\rc.read.1.tlog
D:\WinParkUI\WinHtpp\VC6Crypt\Debug\rc.write.1.tlog
D:\WinParkUI\WinHtpp\VC6Crypt\Debug\regsvr32.trg
D:\WINPARKUI\WINHTPP\VC6CRYPT\DEBUG\STDAFX.OBJ
D:\WINPARKUI\WINHTPP\VC6CRYPT\DEBUG\STDAFX.SBR
D:\WinParkUI\WinHtpp\VC6Crypt\Debug\vc100.idb
D:\WINPARKUI\WINHTPP\VC6CRYPT\DEBUG\VC100.PDB
