D:\WinParkUI\WinHtpp\HttpServerDll\Release\cl.command.1.tlog
D:\WinParkUI\WinHtpp\HttpServerDll\Release\CL.read.1.tlog
D:\WinParkUI\WinHtpp\HttpServerDll\Release\CL.write.1.tlog
D:\WINPARKUI\WINHTPP\HTTPSERVERDLL\RELEASE\DLLMAIN.OBJ
D:\WINPARKUI\WINHTPP\HTTPSERVERDLL\RELEASE\HTTPSERVERDLL.DLL.INTERMEDIATE.MANIFEST
D:\WINPARKUI\WINHTPP\HTTPSERVERDLL\RELEASE\HTTPSERVERDLL.OBJ
D:\WINPARKUI\WINHTPP\HTTPSERVERDLL\RELEASE\HTTPSERVERDLL.PCH
D:\WinParkUI\WinHtpp\HttpServerDll\Release\HttpServerDll.write.1.tlog
D:\WinParkUI\WinHtpp\HttpServerDll\Release\link.command.1.tlog
D:\WinParkUI\WinHtpp\HttpServerDll\Release\link.read.1.tlog
D:\WinParkUI\WinHtpp\HttpServerDll\Release\link.write.1.tlog
D:\WinParkUI\WinHtpp\HttpServerDll\Release\mt.command.1.tlog
D:\WinParkUI\WinHtpp\HttpServerDll\Release\mt.read.1.tlog
D:\WinParkUI\WinHtpp\HttpServerDll\Release\mt.write.1.tlog
D:\WINPARKUI\WINHTPP\HTTPSERVERDLL\RELEASE\STDAFX.OBJ
D:\WINPARKUI\WINHTPP\HTTPSERVERDLL\RELEASE\VC100.PDB
D:\WINPARKUI\WINHTPP\RELEASE\HTTPSERVERDLL.DLL
D:\WinParkUI\WinHtpp\Release\HttpServerDll.exp
D:\WinParkUI\WinHtpp\Release\HttpServerDll.lib
D:\WINPARKUI\WINHTPP\RELEASE\HTTPSERVERDLL.PDB
