Build started 2011-11-10 10:48:46.
     1>Project "D:\WinParkUI\WinHtpp\HttpServerDll\HttpServerDll.vcxproj" on node 2 (rebuild target(s)).
     1>_PrepareForClean:
         Deleting file "Release\HttpServerDll.lastbuildstate".
       InitializeBuildStatus:
         Creating "Release\HttpServerDll.unsuccessfulbuild" because "AlwaysCreate" was specified.
       ClCompile:
         F:\Program Files\Microsoft Visual Studio 10.0\VC\bin\CL.exe /c /Zi /nologo /W3 /WX- /O2 /Oi /Oy- /GL /D WIN32 /D NDEBUG /D _WINDOWS /D _USRDLL /D HTTPSERVERDLL_EXPORTS /D _WINDLL /D _UNICODE /D UNICODE /Gm- /EHsc /MD /GS /Gy /fp:precise /Zc:wchar_t /Zc:forScope /Yc"StdAfx.h" /Fp"Release\HttpServerDll.pch" /Fo"Release\\" /Fd"Release\vc100.pdb" /Gd /TP /analyze- /errorReport:prompt stdafx.cpp
         stdafx.cpp
         F:\Program Files\Microsoft Visual Studio 10.0\VC\bin\CL.exe /c /Zi /nologo /W3 /WX- /O2 /Oi /Oy- /GL /D WIN32 /D NDEBUG /D _WINDOWS /D _USRDLL /D HTTPSERVERDLL_EXPORTS /D _WINDLL /D _UNICODE /D UNICODE /Gm- /EHsc /MD /GS /Gy /fp:precise /Zc:wchar_t /Zc:forScope /Fo"Release\\" /Fd"Release\vc100.pdb" /Gd /TP /analyze- /errorReport:prompt dllmain.cpp
         dllmain.cpp
         F:\Program Files\Microsoft Visual Studio 10.0\VC\bin\CL.exe /c /Zi /nologo /W3 /WX- /O2 /Oi /Oy- /GL /D WIN32 /D NDEBUG /D _WINDOWS /D _USRDLL /D HTTPSERVERDLL_EXPORTS /D _WINDLL /D _UNICODE /D UNICODE /Gm- /EHsc /MD /GS /Gy /fp:precise /Zc:wchar_t /Zc:forScope /Yu"StdAfx.h" /Fp"Release\HttpServerDll.pch" /Fo"Release\\" /Fd"Release\vc100.pdb" /Gd /TP /analyze- /errorReport:prompt HttpServerDll.cpp
         HttpServerDll.cpp
       Link:
         F:\Program Files\Microsoft Visual Studio 10.0\VC\bin\link.exe /ERRORREPORT:PROMPT /OUT:"D:\WinParkUI\WinHtpp\Release\HttpServerDll.dll" /INCREMENTAL:NO /NOLOGO kernel32.lib user32.lib gdi32.lib winspool.lib comdlg32.lib advapi32.lib shell32.lib ole32.lib oleaut32.lib uuid.lib odbc32.lib odbccp32.lib /DEF:"DllExport.def" /MANIFEST /ManifestFile:"Release\HttpServerDll.dll.intermediate.manifest" /MANIFESTUAC:"level='asInvoker' uiAccess='false'" /DEBUG /PDB:"D:\WinParkUI\WinHtpp\Release\HttpServerDll.pdb" /SUBSYSTEM:WINDOWS /OPT:REF /OPT:ICF /LTCG /TLBID:1 /DYNAMICBASE /NXCOMPAT /IMPLIB:"D:\WinParkUI\WinHtpp\Release\HttpServerDll.lib" /MACHINE:X86 /DLL Release\dllmain.obj
         Release\HttpServerDll.obj
         Release\stdafx.obj
            Creating library D:\WinParkUI\WinHtpp\Release\HttpServerDll.lib and object D:\WinParkUI\WinHtpp\Release\HttpServerDll.exp
         Generating code
         Finished generating code
         HttpServerDll.vcxproj -> D:\WinParkUI\WinHtpp\Release\HttpServerDll.dll
       Manifest:
         C:\Program Files\Microsoft SDKs\Windows\v7.0A\bin\mt.exe /nologo /verbose /outputresource:"D:\WinParkUI\WinHtpp\Release\HttpServerDll.dll;#2" /manifest Release\HttpServerDll.dll.intermediate.manifest
       FinalizeBuildStatus:
         Deleting file "Release\HttpServerDll.unsuccessfulbuild".
         Touching "Release\HttpServerDll.lastbuildstate".
     1>Done Building Project "D:\WinParkUI\WinHtpp\HttpServerDll\HttpServerDll.vcxproj" (rebuild target(s)).

Build succeeded.

Time Elapsed 00:00:02.20
