D:\WINPARKUI\WINHTPP\DEBUG\HTTPSERVERDLL.DLL
D:\WinParkUI\WinHtpp\Debug\HttpServerDll.exp
D:\WINPARKUI\WINHTPP\DEBUG\HTTPSERVERDLL.ILK
D:\WinParkUI\WinHtpp\Debug\HttpServerDll.lib
D:\WINPARKUI\WINHTPP\DEBUG\HTTPSERVERDLL.PDB
D:\WinParkUI\WinHtpp\HttpServerDll\Debug\cl.command.1.tlog
D:\WinParkUI\WinHtpp\HttpServerDll\Debug\CL.read.1.tlog
D:\WinParkUI\WinHtpp\HttpServerDll\Debug\CL.write.1.tlog
D:\WINPARKUI\WINHTPP\HTTPSERVERDLL\DEBUG\DLLMAIN.OBJ
D:\WINPARKUI\WINHTPP\HTTPSERVERDLL\DEBUG\HTTPSERVERDLL.DLL.EMBED.MANIFEST
D:\WINPARKUI\WINHTPP\HTTPSERVERDLL\DEBUG\HTTPSERVERDLL.DLL.EMBED.MANIFEST.RES
D:\WINPARKUI\WINHTPP\HTTPSERVERDLL\DEBUG\HTTPSERVERDLL.DLL.INTERMEDIATE.MANIFEST
D:\WINPARKUI\WINHTPP\HTTPSERVERDLL\DEBUG\HTTPSERVERDLL.OBJ
D:\WINPARKUI\WINHTPP\HTTPSERVERDLL\DEBUG\HTTPSERVERDLL.PCH
D:\WinParkUI\WinHtpp\HttpServerDll\Debug\HttpServerDll.write.1.tlog
D:\WinParkUI\WinHtpp\HttpServerDll\Debug\HttpServerDll_manifest.rc
D:\WinParkUI\WinHtpp\HttpServerDll\Debug\link.command.1.tlog
D:\WinParkUI\WinHtpp\HttpServerDll\Debug\link.read.1.tlog
D:\WinParkUI\WinHtpp\HttpServerDll\Debug\link.write.1.tlog
D:\WinParkUI\WinHtpp\HttpServerDll\Debug\link-cvtres.read.1.tlog
D:\WinParkUI\WinHtpp\HttpServerDll\Debug\link-cvtres.write.1.tlog
D:\WinParkUI\WinHtpp\HttpServerDll\Debug\mt.command.1.tlog
D:\WinParkUI\WinHtpp\HttpServerDll\Debug\mt.read.1.tlog
D:\WinParkUI\WinHtpp\HttpServerDll\Debug\mt.write.1.tlog
D:\WinParkUI\WinHtpp\HttpServerDll\Debug\rc.command.1.tlog
D:\WinParkUI\WinHtpp\HttpServerDll\Debug\rc.read.1.tlog
D:\WinParkUI\WinHtpp\HttpServerDll\Debug\rc.write.1.tlog
D:\WINPARKUI\WINHTPP\HTTPSERVERDLL\DEBUG\STDAFX.OBJ
D:\WinParkUI\WinHtpp\HttpServerDll\Debug\vc100.idb
D:\WINPARKUI\WINHTPP\HTTPSERVERDLL\DEBUG\VC100.PDB
