Build started 2011-11-10 10:50:05.
     1>Project "D:\WinParkUI\WinHtpp\HttpServer\HttpServer.vcxproj" on node 2 (build target(s)).
     1>InitializeBuildStatus:
         Creating "Release\HttpServer.unsuccessfulbuild" because "AlwaysCreate" was specified.
       ClCompile:
         All outputs are up-to-date.
         All outputs are up-to-date.
       Link:
         F:\Program Files\Microsoft Visual Studio 10.0\VC\bin\link.exe /ERRORREPORT:PROMPT /OUT:"D:\WinParkUI\WinHtpp\Release\HttpServer.exe" /INCREMENTAL:NO /NOLOGO kernel32.lib user32.lib gdi32.lib winspool.lib comdlg32.lib advapi32.lib shell32.lib ole32.lib oleaut32.lib uuid.lib odbc32.lib odbccp32.lib /MANIFEST /ManifestFile:"Release\HttpServer.exe.intermediate.manifest" /MANIFESTUAC:"level='asInvoker' uiAccess='false'" /DEBUG /PDB:"D:\WinParkUI\WinHtpp\Release\HttpServer.pdb" /SUBSYSTEM:CONSOLE /OPT:REF /OPT:ICF /LTCG /TLBID:1 /DYNAMICBASE /NXCOMPAT /IMPLIB:"D:\WinParkUI\WinHtpp\Release\HttpServer.lib" /MACHINE:X86 Release\HttpServer.obj
         Release\stdafx.obj
         Generating code
         Finished generating code
         HttpServer.vcxproj -> D:\WinParkUI\WinHtpp\Release\HttpServer.exe
       Manifest:
         C:\Program Files\Microsoft SDKs\Windows\v7.0A\bin\mt.exe /nologo /verbose /outputresource:"D:\WinParkUI\WinHtpp\Release\HttpServer.exe;#1" /manifest Release\HttpServer.exe.intermediate.manifest
       FinalizeBuildStatus:
         Deleting file "Release\HttpServer.unsuccessfulbuild".
         Touching "Release\HttpServer.lastbuildstate".
     1>Done Building Project "D:\WinParkUI\WinHtpp\HttpServer\HttpServer.vcxproj" (build target(s)).

Build succeeded.

Time Elapsed 00:00:01.56
