Build started 2011-11-17 16:24:04.
     1>Project "D:\WinParkUI\WinHtpp\CryptComDLL\CryptComDLL.vcxproj" on node 2 (build target(s)).
     1>InitializeBuildStatus:
         Creating "Release\CryptComDLL.unsuccessfulbuild" because "AlwaysCreate" was specified.
       ClCompile:
         All outputs are up-to-date.
         All outputs are up-to-date.
       ResourceCompile:
         All outputs are up-to-date.
       Link:
         All outputs are up-to-date.
         F:\Program Files\Microsoft Visual Studio 10.0\VC\bin\link.exe /ERRORREPORT:PROMPT /OUT:"D:\WinParkUI\WinHtpp\Release\CryptComDLL.dll" /INCREMENTAL:NO /NOLOGO kernel32.lib user32.lib gdi32.lib winspool.lib comdlg32.lib advapi32.lib shell32.lib ole32.lib oleaut32.lib uuid.lib odbc32.lib odbccp32.lib /DEF:"CryptExport.def" /MANIFEST /ManifestFile:"Release\CryptComDLL.dll.intermediate.manifest" /MANIFESTUAC:"level='asInvoker' uiAccess='false'" /DEBUG /PDB:"D:\WinParkUI\WinHtpp\Release\CryptComDLL.pdb" /SUBSYSTEM:WINDOWS /OPT:REF /OPT:ICF /LTCG /TLBID:1 /DYNAMICBASE /NXCOMPAT /IMPLIB:"D:\WinParkUI\WinHtpp\Release\CryptComDLL.lib" /MACHINE:X86 /DLL Release\CryptComDLL.res
         Release\CryptComDLL.obj
         Release\stdafx.obj
            Creating library D:\WinParkUI\WinHtpp\Release\CryptComDLL.lib and object D:\WinParkUI\WinHtpp\Release\CryptComDLL.exp
         Generating code
         Finished generating code
         CryptComDLL.vcxproj -> D:\WinParkUI\WinHtpp\Release\CryptComDLL.dll
       Manifest:
         C:\Program Files\Microsoft SDKs\Windows\v7.0A\bin\mt.exe /nologo /verbose /outputresource:"D:\WinParkUI\WinHtpp\Release\CryptComDLL.dll;#2" /manifest Release\CryptComDLL.dll.intermediate.manifest
       FinalizeBuildStatus:
         Deleting file "Release\CryptComDLL.unsuccessfulbuild".
         Touching "Release\CryptComDLL.lastbuildstate".
     1>Done Building Project "D:\WinParkUI\WinHtpp\CryptComDLL\CryptComDLL.vcxproj" (build target(s)).

Build succeeded.

Time Elapsed 00:00:01.06
