D:\WinParkUI\WinHtpp\CryptComDLL\Release\cl.command.1.tlog
D:\WinParkUI\WinHtpp\CryptComDLL\Release\CL.read.1.tlog
D:\WinParkUI\WinHtpp\CryptComDLL\Release\CL.write.1.tlog
D:\WINPARKUI\WINHTPP\CRYPTCOMDLL\RELEASE\CRYPTCOMDLL.DLL.INTERMEDIATE.MANIFEST
D:\WINPARKUI\WINHTPP\CRYPTCOMDLL\RELEASE\CRYPTCOMDLL.OBJ
D:\WINPARKUI\WINHTPP\CRYPTCOMDLL\RELEASE\CRYPTCOMDLL.PCH
D:\WINPARKUI\WINHTPP\CRYPTCOMDLL\RELEASE\CRYPTCOMDLL.RES
D:\WinParkUI\WinHtpp\CryptComDLL\Release\CryptComDLL.write.1.tlog
D:\WinParkUI\WinHtpp\CryptComDLL\Release\cryptoapi.tlh
D:\WinParkUI\WinHtpp\CryptComDLL\Release\cryptoapi.tli
D:\WinParkUI\WinHtpp\CryptComDLL\Release\link.command.1.tlog
D:\WinParkUI\WinHtpp\CryptComDLL\Release\link.read.1.tlog
D:\WinParkUI\WinHtpp\CryptComDLL\Release\link.write.1.tlog
D:\WinParkUI\WinHtpp\CryptComDLL\Release\link-cvtres.read.1.tlog
D:\WinParkUI\WinHtpp\CryptComDLL\Release\link-cvtres.write.1.tlog
D:\WinParkUI\WinHtpp\CryptComDLL\Release\mt.command.1.tlog
D:\WinParkUI\WinHtpp\CryptComDLL\Release\mt.read.1.tlog
D:\WinParkUI\WinHtpp\CryptComDLL\Release\mt.write.1.tlog
D:\WinParkUI\WinHtpp\CryptComDLL\Release\rc.command.1.tlog
D:\WinParkUI\WinHtpp\CryptComDLL\Release\rc.read.1.tlog
D:\WinParkUI\WinHtpp\CryptComDLL\Release\rc.write.1.tlog
D:\WINPARKUI\WINHTPP\CRYPTCOMDLL\RELEASE\STDAFX.OBJ
D:\WINPARKUI\WINHTPP\CRYPTCOMDLL\RELEASE\VC100.PDB
D:\WINPARKUI\WINHTPP\RELEASE\CRYPTCOMDLL.DLL
D:\WinParkUI\WinHtpp\Release\CryptComDLL.exp
D:\WinParkUI\WinHtpp\Release\CryptComDLL.lib
D:\WINPARKUI\WINHTPP\RELEASE\CRYPTCOMDLL.PDB
