D:\WINPARKUI\WINHTPP\DEBUG\HTTPCLIENT.EXE
D:\WINPARKUI\WINHTPP\DEBUG\HTTPCLIENT.ILK
D:\WINPARKUI\WINHTPP\DEBUG\HTTPCLIENT.PDB
D:\WinParkUI\WinHtpp\HttpClient\Debug\cl.command.1.tlog
D:\WinParkUI\WinHtpp\HttpClient\Debug\CL.read.1.tlog
D:\WinParkUI\WinHtpp\HttpClient\Debug\CL.write.1.tlog
D:\WINPARKUI\WINHTPP\HTTPCLIENT\DEBUG\HTTPCLIENT.EXE.EMBED.MANIFEST
D:\WINPARKUI\WINHTPP\HTTPCLIENT\DEBUG\HTTPCLIENT.EXE.EMBED.MANIFEST.RES
D:\WINPARKUI\WINHTPP\HTTPCLIENT\DEBUG\HTTPCLIENT.EXE.INTERMEDIATE.MANIFEST
D:\WINPARKUI\WINHTPP\HTTPCLIENT\DEBUG\HTTPCLIENT.OBJ
D:\WINPARKUI\WINHTPP\HTTPCLIENT\DEBUG\HTTPCLIENT.PCH
D:\WinParkUI\WinHtpp\HttpClient\Debug\HttpClient_manifest.rc
D:\WinParkUI\WinHtpp\HttpClient\Debug\link.2604.read.1.tlog
D:\WinParkUI\WinHtpp\HttpClient\Debug\link.2604.write.1.tlog
D:\WinParkUI\WinHtpp\HttpClient\Debug\link.2604-cvtres.read.1.tlog
D:\WinParkUI\WinHtpp\HttpClient\Debug\link.2604-cvtres.write.1.tlog
D:\WinParkUI\WinHtpp\HttpClient\Debug\link.command.1.tlog
D:\WinParkUI\WinHtpp\HttpClient\Debug\link.read.1.tlog
D:\WinParkUI\WinHtpp\HttpClient\Debug\link.write.1.tlog
D:\WinParkUI\WinHtpp\HttpClient\Debug\link-cvtres.read.1.tlog
D:\WinParkUI\WinHtpp\HttpClient\Debug\link-cvtres.write.1.tlog
D:\WinParkUI\WinHtpp\HttpClient\Debug\mt.command.1.tlog
D:\WinParkUI\WinHtpp\HttpClient\Debug\mt.read.1.tlog
D:\WinParkUI\WinHtpp\HttpClient\Debug\mt.write.1.tlog
D:\WinParkUI\WinHtpp\HttpClient\Debug\rc.command.1.tlog
D:\WinParkUI\WinHtpp\HttpClient\Debug\rc.read.1.tlog
D:\WinParkUI\WinHtpp\HttpClient\Debug\rc.write.1.tlog
D:\WINPARKUI\WINHTPP\HTTPCLIENT\DEBUG\STDAFX.OBJ
D:\WinParkUI\WinHtpp\HttpClient\Debug\vc100.idb
D:\WINPARKUI\WINHTPP\HTTPCLIENT\DEBUG\VC100.PDB
