Build started 2011-11-16 11:42:14.
     1>Project "D:\WinParkUI\WinHtpp\HttpClient\HttpClient.vcxproj" on node 2 (build target(s)).
     1>InitializeBuildStatus:
         Creating "Debug\HttpClient.unsuccessfulbuild" because "AlwaysCreate" was specified.
       ClCompile:
         All outputs are up-to-date.
         F:\Program Files\Microsoft Visual Studio 10.0\VC\bin\CL.exe /c /ZI /nologo /W3 /WX- /Od /Oy- /D _WIN32_WINNT=_WIN32_WINNT_WINXP /D WIN32 /D _DEBUG /D _CONSOLE /D _UNICODE /D UNICODE /Gm /EHsc /RTC1 /MDd /GS /fp:precise /Zc:wchar_t /Zc:forScope /Yu"StdAfx.h" /Fp"Debug\HttpClient.pch" /Fo"Debug\\" /Fd"Debug\vc100.pdb" /Gd /TP /analyze- /errorReport:prompt HttpClient.cpp
         HttpClient.cpp
       ManifestResourceCompile:
         All outputs are up-to-date.
       Link:
         F:\Program Files\Microsoft Visual Studio 10.0\VC\bin\link.exe /ERRORREPORT:PROMPT /OUT:"D:\WinParkUI\WinHtpp\Debug\HttpClient.exe" /INCREMENTAL /NOLOGO kernel32.lib user32.lib gdi32.lib winspool.lib comdlg32.lib advapi32.lib shell32.lib ole32.lib oleaut32.lib uuid.lib odbc32.lib odbccp32.lib /MANIFEST /ManifestFile:"Debug\HttpClient.exe.intermediate.manifest" /MANIFESTUAC:"level='asInvoker' uiAccess='false'" /DEBUG /PDB:"D:\WinParkUI\WinHtpp\Debug\HttpClient.pdb" /SUBSYSTEM:CONSOLE /TLBID:1 /DYNAMICBASE /NXCOMPAT /IMPLIB:"D:\WinParkUI\WinHtpp\Debug\HttpClient.lib" /MACHINE:X86 Debug\HttpClient.exe.embed.manifest.res
         Debug\HttpClient.obj
         Debug\stdafx.obj
       Manifest:
         C:\Program Files\Microsoft SDKs\Windows\v7.0A\bin\mt.exe /nologo /verbose /out:"Debug\HttpClient.exe.embed.manifest" /manifest Debug\HttpClient.exe.intermediate.manifest
         All outputs are up-to-date.
       LinkEmbedManifest:
         All outputs are up-to-date.
         HttpClient.vcxproj -> D:\WinParkUI\WinHtpp\Debug\HttpClient.exe
       FinalizeBuildStatus:
         Deleting file "Debug\HttpClient.unsuccessfulbuild".
         Touching "Debug\HttpClient.lastbuildstate".
     1>Done Building Project "D:\WinParkUI\WinHtpp\HttpClient\HttpClient.vcxproj" (build target(s)).

Build succeeded.

Time Elapsed 00:00:01.37
