Build started 2011-11-16 10:49:58.
     1>Project "D:\WinParkUI\WinHtpp\Cryptography\Cryptography.vcxproj" on node 2 (build target(s)).
     1>InitializeBuildStatus:
         Creating "Release\Cryptography.unsuccessfulbuild" because "AlwaysCreate" was specified.
       ClCompile:
         F:\Program Files\Microsoft Visual Studio 10.0\VC\bin\CL.exe /c /Zi /nologo /W3 /WX- /O2 /Oi /Oy- /GL /D WIN32 /D NDEBUG /D _CONSOLE /D _UNICODE /D UNICODE /Gm- /EHsc /MD /GS /Gy /fp:precise /Zc:wchar_t /Zc:forScope /Yc"StdAfx.h" /Fp"Release\Cryptography.pch" /Fo"Release\\" /Fd"Release\vc100.pdb" /Gd /TP /analyze- /errorReport:prompt stdafx.cpp
         stdafx.cpp
         F:\Program Files\Microsoft Visual Studio 10.0\VC\bin\CL.exe /c /Zi /nologo /W3 /WX- /O2 /Oi /Oy- /GL /D WIN32 /D NDEBUG /D _CONSOLE /D _UNICODE /D UNICODE /Gm- /EHsc /MD /GS /Gy /fp:precise /Zc:wchar_t /Zc:forScope /Yu"StdAfx.h" /Fp"Release\Cryptography.pch" /Fo"Release\\" /Fd"Release\vc100.pdb" /Gd /TP /analyze- /errorReport:prompt Cryptography.cpp
         Cryptography.cpp
       Link:
         F:\Program Files\Microsoft Visual Studio 10.0\VC\bin\link.exe /ERRORREPORT:PROMPT /OUT:"D:\WinParkUI\WinHtpp\Release\Cryptography.exe" /INCREMENTAL:NO /NOLOGO kernel32.lib user32.lib gdi32.lib winspool.lib comdlg32.lib advapi32.lib shell32.lib ole32.lib oleaut32.lib uuid.lib odbc32.lib odbccp32.lib /MANIFEST /ManifestFile:"Release\Cryptography.exe.intermediate.manifest" /MANIFESTUAC:"level='asInvoker' uiAccess='false'" /DEBUG /PDB:"D:\WinParkUI\WinHtpp\Release\Cryptography.pdb" /SUBSYSTEM:CONSOLE /OPT:REF /OPT:ICF /LTCG /TLBID:1 /DYNAMICBASE /NXCOMPAT /IMPLIB:"D:\WinParkUI\WinHtpp\Release\Cryptography.lib" /MACHINE:X86 Release\Cryptography.obj
         Release\stdafx.obj
         Generating code
         Finished generating code
         Cryptography.vcxproj -> D:\WinParkUI\WinHtpp\Release\Cryptography.exe
       Manifest:
         C:\Program Files\Microsoft SDKs\Windows\v7.0A\bin\mt.exe /nologo /verbose /outputresource:"D:\WinParkUI\WinHtpp\Release\Cryptography.exe;#1" /manifest Release\Cryptography.exe.intermediate.manifest
       FinalizeBuildStatus:
         Deleting file "Release\Cryptography.unsuccessfulbuild".
         Touching "Release\Cryptography.lastbuildstate".
     1>Done Building Project "D:\WinParkUI\WinHtpp\Cryptography\Cryptography.vcxproj" (build target(s)).

Build succeeded.

Time Elapsed 00:00:01.70
