Build started 2011-11-17 11:51:56.
     1>Project "D:\WinParkUI\WinHtpp\CryptDll\CryptDll.vcxproj" on node 2 (build target(s)).
     1>InitializeBuildStatus:
         Touching "Debug\CryptDll.unsuccessfulbuild".
       ClCompile:
         All outputs are up-to-date.
         F:\Program Files\Microsoft Visual Studio 10.0\VC\bin\CL.exe /c /ZI /nologo /W3 /WX- /Od /Oy- /D _WIN32_WINNT=_WIN32_WINNT_WINXP /D WIN32 /D _DEBUG /D _WINDOWS /D _USRDLL /D CRYPTDLL_EXPORTS /D _WINDLL /D _UNICODE /D UNICODE /Gm /EHsc /RTC1 /MDd /GS /fp:precise /Zc:wchar_t /Zc:forScope /Yu"StdAfx.h" /Fp"Debug\CryptDll.pch" /Fo"Debug\\" /Fd"Debug\vc100.pdb" /Gd /TP /analyze- /errorReport:prompt CryptDll.cpp
         CryptDll.cpp
         All outputs are up-to-date.
       ManifestResourceCompile:
         All outputs are up-to-date.
       Link:
         F:\Program Files\Microsoft Visual Studio 10.0\VC\bin\link.exe /ERRORREPORT:PROMPT /OUT:"D:\WinParkUI\WinHtpp\Debug\CryptDll.dll" /INCREMENTAL /NOLOGO kernel32.lib user32.lib gdi32.lib winspool.lib comdlg32.lib advapi32.lib shell32.lib ole32.lib oleaut32.lib uuid.lib odbc32.lib odbccp32.lib /DEF:"CryptDll.def" /MANIFEST /ManifestFile:"Debug\CryptDll.dll.intermediate.manifest" /MANIFESTUAC:"level='asInvoker' uiAccess='false'" /DEBUG /PDB:"D:\WinParkUI\WinHtpp\Debug\CryptDll.pdb" /SUBSYSTEM:WINDOWS /TLBID:1 /DYNAMICBASE /NXCOMPAT /IMPLIB:"D:\WinParkUI\WinHtpp\Debug\CryptDll.lib" /MACHINE:X86 /DLL Debug\CryptDll.dll.embed.manifest.res
         Debug\CryptDll.obj
         Debug\dllmain.obj
         Debug\stdafx.obj
       Manifest:
         C:\Program Files\Microsoft SDKs\Windows\v7.0A\bin\mt.exe /nologo /verbose /out:"Debug\CryptDll.dll.embed.manifest" /manifest Debug\CryptDll.dll.intermediate.manifest
         All outputs are up-to-date.
       LinkEmbedManifest:
         All outputs are up-to-date.
         CryptDll.vcxproj -> D:\WinParkUI\WinHtpp\Debug\CryptDll.dll
       FinalizeBuildStatus:
         Deleting file "Debug\CryptDll.unsuccessfulbuild".
         Touching "Debug\CryptDll.lastbuildstate".
     1>Done Building Project "D:\WinParkUI\WinHtpp\CryptDll\CryptDll.vcxproj" (build target(s)).

Build succeeded.

Time Elapsed 00:00:00.62
