D:\WinParkUI\WinHtpp\CryptDll\Debug\cl.command.1.tlog
D:\WinParkUI\WinHtpp\CryptDll\Debug\CL.read.1.tlog
D:\WinParkUI\WinHtpp\CryptDll\Debug\CL.write.1.tlog
D:\WINPARKUI\WINHTPP\CRYPTDLL\DEBUG\CRYPTDLL.DLL.EMBED.MANIFEST
D:\WINPARKUI\WINHTPP\CRYPTDLL\DEBUG\CRYPTDLL.DLL.EMBED.MANIFEST.RES
D:\WINPARKUI\WINHTPP\CRYPTDLL\DEBUG\CRYPTDLL.DLL.INTERMEDIATE.MANIFEST
D:\WINPARKUI\WINHTPP\CRYPTDLL\DEBUG\CRYPTDLL.OBJ
D:\WINPARKUI\WINHTPP\CRYPTDLL\DEBUG\CRYPTDLL.PCH
D:\WinParkUI\WinHtpp\CryptDll\Debug\CryptDll.write.1.tlog
D:\WinParkUI\WinHtpp\CryptDll\Debug\CryptDll_manifest.rc
D:\WINPARKUI\WINHTPP\CRYPTDLL\DEBUG\DLLMAIN.OBJ
D:\WinParkUI\WinHtpp\CryptDll\Debug\link.3704.read.1.tlog
D:\WinParkUI\WinHtpp\CryptDll\Debug\link.3704.write.1.tlog
D:\WinParkUI\WinHtpp\CryptDll\Debug\link.3704-cvtres.read.1.tlog
D:\WinParkUI\WinHtpp\CryptDll\Debug\link.3704-cvtres.write.1.tlog
D:\WinParkUI\WinHtpp\CryptDll\Debug\link.command.1.tlog
D:\WinParkUI\WinHtpp\CryptDll\Debug\link.read.1.tlog
D:\WinParkUI\WinHtpp\CryptDll\Debug\link.write.1.tlog
D:\WinParkUI\WinHtpp\CryptDll\Debug\link-cvtres.read.1.tlog
D:\WinParkUI\WinHtpp\CryptDll\Debug\link-cvtres.write.1.tlog
D:\WinParkUI\WinHtpp\CryptDll\Debug\mt.command.1.tlog
D:\WinParkUI\WinHtpp\CryptDll\Debug\mt.read.1.tlog
D:\WinParkUI\WinHtpp\CryptDll\Debug\mt.write.1.tlog
D:\WinParkUI\WinHtpp\CryptDll\Debug\rc.command.1.tlog
D:\WinParkUI\WinHtpp\CryptDll\Debug\rc.read.1.tlog
D:\WinParkUI\WinHtpp\CryptDll\Debug\rc.write.1.tlog
D:\WINPARKUI\WINHTPP\CRYPTDLL\DEBUG\STDAFX.OBJ
D:\WinParkUI\WinHtpp\CryptDll\Debug\vc100.idb
D:\WINPARKUI\WINHTPP\CRYPTDLL\DEBUG\VC100.PDB
D:\WINPARKUI\WINHTPP\DEBUG\CRYPTDLL.DLL
D:\WinParkUI\WinHtpp\Debug\CryptDll.exp
D:\WINPARKUI\WINHTPP\DEBUG\CRYPTDLL.ILK
D:\WinParkUI\WinHtpp\Debug\CryptDll.lib
D:\WINPARKUI\WINHTPP\DEBUG\CRYPTDLL.PDB
