Build started 2011-11-17 15:17:46.
     1>Project "D:\WinParkUI\WinHtpp\CryptComDLL\CryptComDLL.vcxproj" on node 2 (build target(s)).
     1>InitializeBuildStatus:
         Creating "Debug\CryptComDLL.unsuccessfulbuild" because "AlwaysCreate" was specified.
       ClCompile:
         All outputs are up-to-date.
         All outputs are up-to-date.
       ResourceCompile:
         All outputs are up-to-date.
       ManifestResourceCompile:
         All outputs are up-to-date.
       Link:
         F:\Program Files\Microsoft Visual Studio 10.0\VC\bin\link.exe /ERRORREPORT:PROMPT /OUT:"D:\WinParkUI\WinHtpp\Debug\CryptComDLL.dll" /INCREMENTAL /NOLOGO /MANIFEST /ManifestFile:"Debug\CryptComDLL.dll.intermediate.manifest" /MANIFESTUAC:"level='asInvoker' uiAccess='false'" /DEBUG /PDB:"D:\WinParkUI\WinHtpp\Debug\CryptComDLL.pdb" /SUBSYSTEM:WINDOWS /TLBID:1 /DYNAMICBASE /NXCOMPAT /IMPLIB:"D:\WinParkUI\WinHtpp\Debug\CryptComDLL.lib" /MACHINE:X86 /DLL Debug\CryptComDLL.res
         Debug\CryptComDLL.dll.embed.manifest.res
         Debug\CryptComDLL.obj
         Debug\stdafx.obj
            Creating library D:\WinParkUI\WinHtpp\Debug\CryptComDLL.lib and object D:\WinParkUI\WinHtpp\Debug\CryptComDLL.exp
       Manifest:
         C:\Program Files\Microsoft SDKs\Windows\v7.0A\bin\mt.exe /nologo /verbose /out:"Debug\CryptComDLL.dll.embed.manifest" /manifest Debug\CryptComDLL.dll.intermediate.manifest "F:\Program Files\Microsoft Visual Studio 10.0\VC\Include\Manifest\dpiaware.manifest"
         All outputs are up-to-date.
       LinkEmbedManifest:
         All outputs are up-to-date.
         CryptComDLL.vcxproj -> D:\WinParkUI\WinHtpp\Debug\CryptComDLL.dll
       FinalizeBuildStatus:
         Deleting file "Debug\CryptComDLL.unsuccessfulbuild".
         Touching "Debug\CryptComDLL.lastbuildstate".
     1>Done Building Project "D:\WinParkUI\WinHtpp\CryptComDLL\CryptComDLL.vcxproj" (build target(s)).

Build succeeded.

Time Elapsed 00:00:04.15
