D:\WINPARKUI\WINHTPP\DEBUG\HTTPSERVER.EXE
D:\WINPARKUI\WINHTPP\DEBUG\HTTPSERVER.ILK
D:\WINPARKUI\WINHTPP\DEBUG\HTTPSERVER.PDB
D:\WinParkUI\WinHtpp\HttpServer\Debug\cl.command.1.tlog
D:\WinParkUI\WinHtpp\HttpServer\Debug\CL.read.1.tlog
D:\WinParkUI\WinHtpp\HttpServer\Debug\CL.write.1.tlog
D:\WINPARKUI\WINHTPP\HTTPSERVER\DEBUG\HTTPSERVER.EXE.EMBED.MANIFEST
D:\WINPARKUI\WINHTPP\HTTPSERVER\DEBUG\HTTPSERVER.EXE.EMBED.MANIFEST.RES
D:\WINPARKUI\WINHTPP\HTTPSERVER\DEBUG\HTTPSERVER.EXE.INTERMEDIATE.MANIFEST
D:\WINPARKUI\WINHTPP\HTTPSERVER\DEBUG\HTTPSERVER.OBJ
D:\WINPARKUI\WINHTPP\HTTPSERVER\DEBUG\HTTPSERVER.PCH
D:\WinParkUI\WinHtpp\HttpServer\Debug\HttpServer_manifest.rc
D:\WinParkUI\WinHtpp\HttpServer\Debug\link.command.1.tlog
D:\WinParkUI\WinHtpp\HttpServer\Debug\link.read.1.tlog
D:\WinParkUI\WinHtpp\HttpServer\Debug\link.write.1.tlog
D:\WinParkUI\WinHtpp\HttpServer\Debug\link-cvtres.read.1.tlog
D:\WinParkUI\WinHtpp\HttpServer\Debug\link-cvtres.write.1.tlog
D:\WinParkUI\WinHtpp\HttpServer\Debug\mt.command.1.tlog
D:\WinParkUI\WinHtpp\HttpServer\Debug\mt.read.1.tlog
D:\WinParkUI\WinHtpp\HttpServer\Debug\mt.write.1.tlog
D:\WinParkUI\WinHtpp\HttpServer\Debug\rc.command.1.tlog
D:\WinParkUI\WinHtpp\HttpServer\Debug\rc.read.1.tlog
D:\WinParkUI\WinHtpp\HttpServer\Debug\rc.write.1.tlog
D:\WINPARKUI\WINHTPP\HTTPSERVER\DEBUG\STDAFX.OBJ
D:\WinParkUI\WinHtpp\HttpServer\Debug\vc100.idb
D:\WINPARKUI\WINHTPP\HTTPSERVER\DEBUG\VC100.PDB
