Build started 2011-11-17 10:17:40.
     1>Project "D:\WinParkUI\WinHtpp\Cryptography\Cryptography.vcxproj" on node 2 (build target(s)).
     1>InitializeBuildStatus:
         Creating "Debug\Cryptography.unsuccessfulbuild" because "AlwaysCreate" was specified.
       ClCompile:
         All outputs are up-to-date.
         All outputs are up-to-date.
       ManifestResourceCompile:
         All outputs are up-to-date.
       Link:
         F:\Program Files\Microsoft Visual Studio 10.0\VC\bin\link.exe /ERRORREPORT:PROMPT /OUT:"D:\WinParkUI\WinHtpp\Debug\Cryptography.exe" /INCREMENTAL /NOLOGO kernel32.lib user32.lib gdi32.lib winspool.lib comdlg32.lib advapi32.lib shell32.lib ole32.lib oleaut32.lib uuid.lib odbc32.lib odbccp32.lib /MANIFEST /ManifestFile:"Debug\Cryptography.exe.intermediate.manifest" /MANIFESTUAC:"level='asInvoker' uiAccess='false'" /DEBUG /PDB:"D:\WinParkUI\WinHtpp\Debug\Cryptography.pdb" /SUBSYSTEM:CONSOLE /TLBID:1 /DYNAMICBASE /NXCOMPAT /IMPLIB:"D:\WinParkUI\WinHtpp\Debug\Cryptography.lib" /MACHINE:X86 Debug\Cryptography.exe.embed.manifest.res
         Debug\Cryptography.obj
         Debug\stdafx.obj
       Manifest:
         C:\Program Files\Microsoft SDKs\Windows\v7.0A\bin\mt.exe /nologo /verbose /out:"Debug\Cryptography.exe.embed.manifest" /manifest Debug\Cryptography.exe.intermediate.manifest
         All outputs are up-to-date.
       LinkEmbedManifest:
         All outputs are up-to-date.
         Cryptography.vcxproj -> D:\WinParkUI\WinHtpp\Debug\Cryptography.exe
       FinalizeBuildStatus:
         Deleting file "Debug\Cryptography.unsuccessfulbuild".
         Touching "Debug\Cryptography.lastbuildstate".
     1>Done Building Project "D:\WinParkUI\WinHtpp\Cryptography\Cryptography.vcxproj" (build target(s)).

Build succeeded.

Time Elapsed 00:00:00.56
